2019-07-17 17:43:00,148-logTest-INFO-logg:打开浏览器运行--<class '__main__.LoginTest'>--这个类
2019-07-17 17:43:02,472-logTest-INFO-logg:登录成功后进入主页面，主页面标题为---->声像情报融合分析平台
2019-07-17 17:43:07,545-logTest-INFO-logg:关闭浏览器
2019-07-17 17:43:19,150-logTest-INFO-logg:打开浏览器运行--<class '__main__.LoginTest'>--这个类
2019-07-17 17:43:21,485-logTest-INFO-logg:密码错误登录失败停留在登录页面文字为--->声像情报分析系统
2019-07-17 17:43:26,513-logTest-INFO-logg:关闭浏览器
2019-07-18 09:30:43,638-logTest-INFO-logg:打开浏览器运行--<class 'a_login_test.LoginTest'>--这个类
2019-07-18 09:30:45,963-logTest-INFO-logg:密码错误登录失败停留在登录页面文字为--->声像情报分析系统
2019-07-18 09:30:51,017-logTest-INFO-logg:关闭浏览器
2019-07-18 09:31:02,362-logTest-INFO-logg:打开浏览器运行--<class 'a_login_test.LoginTest'>--这个类
2019-07-18 09:31:04,681-logTest-INFO-logg:登录成功后进入主页面，主页面标题为---->声像情报融合分析平台
2019-07-18 09:31:09,744-logTest-INFO-logg:关闭浏览器
2019-07-18 09:40:42,690-logTest-INFO-logg:打开浏览器运行--<class 'a_login_test.LoginTest'>--这个类
2019-07-18 09:40:45,011-logTest-INFO-logg:登录成功后进入主页面，主页面标题为---->声像情报融合分析平台
2019-07-18 09:40:50,064-logTest-INFO-logg:关闭浏览器
2019-07-18 09:41:01,677-logTest-INFO-logg:打开浏览器运行--<class 'a_login_test.LoginTest'>--这个类
2019-07-18 09:41:04,010-logTest-INFO-logg:密码错误登录失败停留在登录页面文字为--->声像情报分析系统
2019-07-18 09:41:09,243-logTest-INFO-logg:关闭浏览器
2019-07-18 09:44:46,463-logTest-INFO-logg:打开浏览器运行--<class 'a_login_test.LoginTest'>--这个类
2019-07-18 09:44:48,777-logTest-INFO-logg:登录成功后进入主页面，主页面标题为---->声像情报融合分析平台
2019-07-18 09:44:53,836-logTest-INFO-logg:关闭浏览器
2019-07-18 09:45:05,406-logTest-INFO-logg:打开浏览器运行--<class 'a_login_test.LoginTest'>--这个类
2019-07-18 09:45:12,764-logTest-INFO-logg:密码错误登录失败停留在登录页面文字为--->声像情报分析系统
2019-07-18 09:45:17,827-logTest-INFO-logg:关闭浏览器
2019-07-18 09:48:05,978-logTest-INFO-logg:打开浏览器运行--<class 'a_login_test.LoginTest'>--这个类
2019-07-18 09:48:08,296-logTest-INFO-logg:密码错误登录失败停留在登录页面文字为--->声像情报分析系统
2019-07-18 09:48:13,517-logTest-INFO-logg:关闭浏览器
2019-07-18 09:48:25,670-logTest-INFO-logg:打开浏览器运行--<class 'a_login_test.LoginTest'>--这个类
2019-07-18 09:48:28,031-logTest-INFO-logg:登录成功后进入主页面，主页面标题为---->声像情报融合分析平台
2019-07-18 09:48:33,269-logTest-INFO-logg:关闭浏览器
2019-07-18 09:50:06,145-logTest-INFO-logg:打开浏览器运行--<class 'a_login_test.LoginTest'>--这个类
2019-07-18 09:50:08,455-logTest-INFO-logg:登录成功后进入主页面，主页面标题为---->声像情报融合分析平台
2019-07-18 09:50:13,516-logTest-INFO-logg:关闭浏览器
2019-07-18 09:50:25,105-logTest-INFO-logg:打开浏览器运行--<class 'a_login_test.LoginTest'>--这个类
2019-07-18 09:50:27,440-logTest-INFO-logg:密码错误登录失败停留在登录页面文字为--->声像情报分析系统
2019-07-18 09:50:32,504-logTest-INFO-logg:关闭浏览器
2019-07-18 09:51:08,329-logTest-INFO-logg:打开浏览器运行--<class 'a_login_test.LoginTest'>--这个类
2019-07-18 09:51:10,645-logTest-INFO-logg:密码错误登录失败停留在登录页面文字为--->声像情报分析系统
2019-07-18 09:51:15,702-logTest-INFO-logg:关闭浏览器
2019-07-18 09:51:29,621-logTest-INFO-logg:打开浏览器运行--<class 'a_login_test.LoginTest'>--这个类
2019-07-18 09:51:31,990-logTest-INFO-logg:登录成功后进入主页面，主页面标题为---->声像情报融合分析平台
2019-07-18 09:51:38,148-logTest-INFO-logg:关闭浏览器
2019-07-18 09:53:20,522-logTest-INFO-logg:打开浏览器运行--<class 'a_login_test.LoginTest'>--这个类
2019-07-18 09:53:22,862-logTest-INFO-logg:登录成功后进入主页面，主页面标题为---->声像情报融合分析平台
2019-07-18 09:53:28,000-logTest-INFO-logg:关闭浏览器
2019-07-18 09:53:39,442-logTest-INFO-logg:打开浏览器运行--<class 'a_login_test.LoginTest'>--这个类
2019-07-18 09:53:41,832-logTest-INFO-logg:密码错误登录失败停留在登录页面文字为--->声像情报分析系统
2019-07-18 09:53:47,048-logTest-INFO-logg:关闭浏览器
2019-07-18 10:12:12,520-logTest-INFO-logg:打开浏览器运行--<class 'a_login_test.LoginTest'>--这个类
2019-07-18 10:12:14,839-logTest-INFO-logg:登录成功后进入主页面，主页面标题为---->声像情报融合分析平台
2019-07-18 10:12:19,902-logTest-INFO-logg:关闭浏览器
2019-07-18 10:12:31,929-logTest-INFO-logg:打开浏览器运行--<class 'a_login_test.LoginTest'>--这个类
2019-07-18 10:12:34,215-logTest-INFO-logg:密码错误登录失败停留在登录页面文字为--->声像情报分析系统
2019-07-18 10:12:39,264-logTest-INFO-logg:关闭浏览器
2019-07-18 10:13:23,347-logTest-INFO-logg:打开浏览器运行--<class 'a_login_test.LoginTest'>--这个类
2019-07-18 10:13:25,671-logTest-INFO-logg:登录成功后进入主页面，主页面标题为---->声像情报融合分析平台
2019-07-18 10:13:30,724-logTest-INFO-logg:关闭浏览器
2019-07-18 10:13:42,780-logTest-INFO-logg:打开浏览器运行--<class 'a_login_test.LoginTest'>--这个类
2019-07-18 10:13:45,058-logTest-INFO-logg:密码错误登录失败停留在登录页面文字为--->声像情报分析系统
2019-07-18 10:13:50,103-logTest-INFO-logg:关闭浏览器
2019-07-18 10:18:07,726-logTest-INFO-logg:生成测试报告存入../Testsuit/
2019-07-18 10:18:19,659-logTest-INFO-logg:打开浏览器运行--<class 'a_login_test.LoginTest'>--这个类
2019-07-18 10:18:21,991-logTest-INFO-logg:密码错误登录失败停留在登录页面文字为--->声像情报分析系统
2019-07-18 10:18:27,041-logTest-INFO-logg:关闭浏览器
2019-07-18 10:18:39,269-logTest-INFO-logg:打开浏览器运行--<class 'a_login_test.LoginTest'>--这个类
2019-07-18 10:18:41,641-logTest-INFO-logg:登录成功后进入主页面，主页面标题为---->声像情报融合分析平台
2019-07-18 10:18:46,698-logTest-INFO-logg:关闭浏览器
2019-07-18 10:18:46,704-logTest-INFO-logg:查找最新的测试报告__20190718.10.18.07__151_selenium_UI_report.htm__通过邮件发送了
2019-07-18 10:19:26,358-logTest-INFO-logg:生成测试报告存入../Testsuit/
2019-07-18 10:19:38,105-logTest-INFO-logg:打开浏览器运行--<class 'a_login_test.LoginTest'>--这个类
2019-07-18 10:19:40,446-logTest-INFO-logg:登录成功后进入主页面，主页面标题为---->声像情报融合分析平台
2019-07-18 10:19:45,506-logTest-INFO-logg:关闭浏览器
2019-07-18 10:19:57,173-logTest-INFO-logg:打开浏览器运行--<class 'a_login_test.LoginTest'>--这个类
2019-07-18 10:19:59,523-logTest-INFO-logg:密码错误登录失败停留在登录页面文字为--->声像情报分析系统
2019-07-18 10:20:04,562-logTest-INFO-logg:关闭浏览器
2019-07-18 10:20:04,570-logTest-INFO-logg:查找最新的测试报告__20190718.10.19.26__151_selenium_UI_report.htm__通过邮件发送了
2019-07-18 10:21:48,353-logTest-INFO-logg:生成测试报告存入../Testsuit/
2019-07-18 10:22:00,506-logTest-INFO-logg:打开浏览器运行--<class 'a_login_test.LoginTest'>--这个类
2019-07-18 10:22:02,782-logTest-INFO-logg:登录成功后进入主页面，主页面标题为---->声像情报融合分析平台
2019-07-18 10:22:07,838-logTest-INFO-logg:关闭浏览器
2019-07-18 10:22:19,966-logTest-INFO-logg:打开浏览器运行--<class 'a_login_test.LoginTest'>--这个类
2019-07-18 10:22:22,242-logTest-INFO-logg:密码错误登录失败停留在登录页面文字为--->声像情报分析系统
2019-07-18 10:22:27,287-logTest-INFO-logg:关闭浏览器
2019-07-18 10:22:27,291-logTest-INFO-logg:查找最新的测试报告__../Repoter/20190718.10.21.48__151_selenium_UI_report.htm__通过邮件发送了
2019-07-18 10:52:54,644-logTest-INFO-logg:生成测试报告存入../Testsuit/
2019-07-18 10:53:06,593-logTest-INFO-logg:打开浏览器运行--<class 'a_login_test.LoginTest'>--这个类
2019-07-18 10:53:08,876-logTest-INFO-logg:密码错误登录失败停留在登录页面文字为--->声像情报分析系统
2019-07-18 10:53:13,930-logTest-INFO-logg:关闭浏览器
2019-07-18 10:53:25,689-logTest-INFO-logg:打开浏览器运行--<class 'a_login_test.LoginTest'>--这个类
2019-07-18 10:53:28,046-logTest-INFO-logg:登录成功后进入主页面，主页面标题为---->声像情报融合分析平台
2019-07-18 10:53:33,317-logTest-INFO-logg:关闭浏览器
2019-07-18 11:40:03,683-logTest-INFO-logg:生成测试报告存入../Testsuit/
2019-07-18 11:40:46,412-logTest-INFO-logg:生成测试报告存入../Testsuit/
2019-07-18 11:40:58,774-logTest-INFO-logg:打开浏览器运行--<class 'a_login_test.LoginTest'>--这个类
2019-07-18 11:41:01,182-logTest-INFO-logg:密码错误登录失败停留在登录页面文字为--->声像情报分析系统
2019-07-18 11:41:06,246-logTest-INFO-logg:关闭浏览器
2019-07-18 11:41:18,024-logTest-INFO-logg:打开浏览器运行--<class 'a_login_test.LoginTest'>--这个类
2019-07-18 11:41:20,341-logTest-INFO-logg:登录成功后进入主页面，主页面标题为---->声像情报融合分析平台
2019-07-18 11:41:25,399-logTest-INFO-logg:关闭浏览器
2019-07-18 11:42:02,857-logTest-INFO-logg:生成测试报告存入../Testsuit/
2019-07-18 11:42:14,764-logTest-INFO-logg:打开浏览器运行--<class 'a_login_test.LoginTest'>--这个类
2019-07-18 11:42:17,055-logTest-INFO-logg:登录成功后进入主页面，主页面标题为---->声像情报融合分析平台
2019-07-18 11:42:22,123-logTest-INFO-logg:关闭浏览器
2019-07-18 11:42:33,693-logTest-INFO-logg:打开浏览器运行--<class 'a_login_test.LoginTest'>--这个类
2019-07-18 11:42:36,006-logTest-INFO-logg:密码错误登录失败停留在登录页面文字为--->声像情报分析系统
2019-07-18 11:42:41,124-logTest-INFO-logg:关闭浏览器
2019-07-18 11:46:44,680-logTest-INFO-logg:生成测试报告存入../Testsuit/
2019-07-18 11:46:56,804-logTest-INFO-logg:打开浏览器运行--<class 'a_login_test.LoginTest'>--这个类
2019-07-18 11:46:59,179-logTest-INFO-logg:登录成功后进入主页面，主页面标题为---->声像情报融合分析平台
2019-07-18 11:47:04,239-logTest-INFO-logg:关闭浏览器
2019-07-18 11:47:17,043-logTest-INFO-logg:打开浏览器运行--<class 'a_login_test.LoginTest'>--这个类
2019-07-18 11:47:19,367-logTest-INFO-logg:密码错误登录失败停留在登录页面文字为--->声像情报分析系统
2019-07-18 11:47:24,434-logTest-INFO-logg:关闭浏览器
2019-07-18 11:47:34,745-logTest-INFO-logg:测试报告邮件发送完毕
2019-07-18 11:48:58,398-logTest-INFO-logg:生成测试报告存入../Testsuit/
2019-07-18 11:49:10,588-logTest-INFO-logg:打开浏览器运行--<class 'a_login_test.LoginTest'>--这个类
2019-07-18 11:49:13,014-logTest-INFO-logg:密码错误登录失败停留在登录页面文字为--->声像情报分析系统
2019-07-18 11:49:18,072-logTest-INFO-logg:关闭浏览器
2019-07-18 11:49:29,983-logTest-INFO-logg:打开浏览器运行--<class 'a_login_test.LoginTest'>--这个类
2019-07-18 11:49:32,314-logTest-INFO-logg:登录成功后进入主页面，主页面标题为---->声像情报融合分析平台
2019-07-18 11:49:37,379-logTest-INFO-logg:关闭浏览器
2019-07-18 11:49:37,385-logTest-INFO-logg:发送最新报告文件为-->../Repoter/20190718.11.48.58__151_selenium_UI_report.htm
2019-07-18 11:49:42,809-logTest-INFO-logg:测试报告邮件发送完毕
2019-07-18 11:55:17,634-logTest-INFO-logg:生成测试报告存入../Testsuit/
2019-07-18 11:55:29,126-logTest-INFO-logg:打开浏览器运行--<class 'a_login_test.LoginTest'>--这个类
2019-07-18 11:55:31,484-logTest-INFO-logg:密码错误登录失败停留在登录页面文字为--->声像情报分析系统
2019-07-18 11:55:36,561-logTest-INFO-logg:关闭浏览器
2019-07-18 11:55:48,481-logTest-INFO-logg:打开浏览器运行--<class 'a_login_test.LoginTest'>--这个类
2019-07-18 11:55:50,793-logTest-INFO-logg:登录成功后进入主页面，主页面标题为---->声像情报融合分析平台
2019-07-18 11:55:55,841-logTest-INFO-logg:关闭浏览器
2019-07-18 11:55:55,848-logTest-INFO-logg:发送最新报告文件为-->../Repoter/20190718.11.55.17__151_selenium_UI_report.htm
2019-07-18 11:56:02,236-logTest-INFO-logg:测试报告邮件发送完毕
